-------------------------------------------------------------------------------
Test set: net.lyy.AppTest
-------------------------------------------------------------------------------
Tests run: 1, Failures: 1, Errors: 0, Skipped: 0, Time elapsed: 0.055 s <<< FAILURE! - in net.lyy.AppTest
shouldAnswerWithTrue(net.lyy.AppTest)  Time elapsed: 0.007 s  <<< FAILURE!
java.lang.AssertionError
	at net.lyy.AppTest.shouldAnswerWithTrue(AppTest.java:18)

